<?xml version="1.0" encoding="UTF-8"?>
<testsuite xmlns:xsi="http://www.w3.org/2001/XMLSchema-instance" xsi:noNamespaceSchemaLocation="https://maven.apache.org/surefire/maven-surefire-plugin/xsd/surefire-test-report.xsd" name="testsCourier.TestsLogin" time="1.345" tests="5" errors="0" skipped="0" failures="0">
  <properties>
[...]
</properties>
  <testcase name="courierLoginErrorEmptyLogin" classname="testsCourier.TestsLogin" time="0.298"/>
  <testcase name="courierLoginErrorEmptyLoginAndPassword" classname="testsCourier.TestsLogin" time="0.225"/>
  <testcase name="courierLoginValid" classname="testsCourier.TestsLogin" time="0.373"/>
  <testcase name="courierLoginErrorAccountNotFound" classname="testsCourier.TestsLogin" time="0.236"/>
  <testcase name="courierLoginErrorEmptyPassword" classname="testsCourier.TestsLogin" time="0.206"/>
</testsuite>